<?xml version="1.0" encoding="UTF-8"?>
<robot generator="Robot 6.0.1 (Python 3.11.0 on win32)" generated="20221206 16:40:26.906" rpa="false" schemaversion="3">
<suite id="s1" name="Demo" source="C:\development\robot-scripts\keyword-demo\demo.robot">
<test id="s1-t1" name="Test case 1" line="5">
<kw name="Do Something">
<kw name="Log" library="BuiltIn">
<arg>I am doing something...</arg>
<doc>Logs the given message with the given level.</doc>
<msg timestamp="20221206 16:40:26.931" level="INFO">I am doing something...</msg>
<status status="PASS" starttime="20221206 16:40:26.931" endtime="20221206 16:40:26.931"/>
</kw>
<status status="PASS" starttime="20221206 16:40:26.931" endtime="20221206 16:40:26.931"/>
</kw>
<kw name="Do Something Else">
<kw name="Log" library="BuiltIn">
<arg>I am doing something else...</arg>
<doc>Logs the given message with the given level.</doc>
<msg timestamp="20221206 16:40:26.932" level="INFO">I am doing something else...</msg>
<status status="PASS" starttime="20221206 16:40:26.932" endtime="20221206 16:40:26.932"/>
</kw>
<status status="PASS" starttime="20221206 16:40:26.932" endtime="20221206 16:40:26.932"/>
</kw>
<status status="PASS" starttime="20221206 16:40:26.930" endtime="20221206 16:40:26.933"/>
</test>
<test id="s1-t2" name="Test case 2" line="8">
<kw name="Do Another Thing">
<kw name="Log" library="BuiltIn">
<arg>I am doing another thing...</arg>
<doc>Logs the given message with the given level.</doc>
<msg timestamp="20221206 16:40:26.935" level="INFO">I am doing another thing...</msg>
<status status="PASS" starttime="20221206 16:40:26.935" endtime="20221206 16:40:26.935"/>
</kw>
<status status="PASS" starttime="20221206 16:40:26.935" endtime="20221206 16:40:26.935"/>
</kw>
<kw name="Do Something Else">
<kw name="Log" library="BuiltIn">
<arg>I am doing something else...</arg>
<doc>Logs the given message with the given level.</doc>
<msg timestamp="20221206 16:40:26.936" level="INFO">I am doing something else...</msg>
<status status="PASS" starttime="20221206 16:40:26.936" endtime="20221206 16:40:26.936"/>
</kw>
<status status="PASS" starttime="20221206 16:40:26.936" endtime="20221206 16:40:26.936"/>
</kw>
<status status="PASS" starttime="20221206 16:40:26.934" endtime="20221206 16:40:26.937"/>
</test>
<status status="PASS" starttime="20221206 16:40:26.908" endtime="20221206 16:40:26.938"/>
</suite>
<statistics>
<total>
<stat pass="2" fail="0" skip="0">All Tests</stat>
</total>
<tag>
</tag>
<suite>
<stat pass="2" fail="0" skip="0" id="s1" name="Demo">Demo</stat>
</suite>
</statistics>
<errors>
</errors>
</robot>
